<?xml version="1.0" encoding="UTF-8"?>
<!-- Generated by org.testng.reporters.JUnitReportReporter -->
<testsuite skipped="0" hostname="ram-PC" name="com.actiTime.Customer_scripts.CreateCustomer" tests="1" failures="0" timestamp="2020-02-17T15:44:33 IST" time="6.818" errors="0">
  <testcase name="testCreateCustomer" time="6.818" classname="com.actiTime.Customer_scripts.CreateCustomer"/>
  <system-out/>
</testsuite> <!-- com.actiTime.Customer_scripts.CreateCustomer -->
